<?xml version="1.0" encoding="UTF-8"?>
<!-- Generated by org.testng.reporters.JUnitReportReporter -->
<testsuite hostname="DESKTOP-AT83ANU" failures="0" tests="1" name="Com_Test_2.Test_Com_a5" time="11.712" errors="0" timestamp="2025-01-31T19:13:49 IST" skipped="0">
  <testcase classname="Com_Test_2.Test_Com_a5" name="XYZ" time="11.712"/>
</testsuite> <!-- Com_Test_2.Test_Com_a5 -->
