<?xml version="1.0" encoding="UTF-8"?>
<!-- Generated by org.testng.reporters.JUnitReportReporter -->
<testsuite hostname="DESKTOP-AT83ANU" failures="0" tests="1" name="Com_Test_2.Test_Com_a10" time="15.760" errors="0" timestamp="2025-02-04T22:04:28 IST" skipped="0">
  <testcase classname="Com_Test_2.Test_Com_a10" name="xyz" time="15.760"/>
</testsuite> <!-- Com_Test_2.Test_Com_a10 -->
