<?xml version="1.0" encoding="UTF-8"?>
<!-- Generated by org.testng.reporters.JUnitReportReporter -->
<testsuite hostname="DESKTOP-AT83ANU" failures="0" tests="2" name="Com_Test_2.Test_Com_a11" time="19.384" errors="0" timestamp="2025-02-04T22:54:02 IST" skipped="0">
  <testcase classname="Com_Test_2.Test_Com_a11" name="TearDown" time="0.031"/>
  <testcase classname="Com_Test_2.Test_Com_a11" name="SetUp" time="19.353"/>
</testsuite> <!-- Com_Test_2.Test_Com_a11 -->
