<?xml version="1.0" encoding="UTF-8"?>
<!-- Generated by org.testng.reporters.JUnitReportReporter -->
<testsuite hostname="DESKTOP-AT83ANU" failures="0" tests="3" name="Com_Test_2.Test_Com_a1" time="0.022" errors="0" timestamp="2025-01-31T19:13:49 IST" skipped="0">
  <testcase classname="Com_Test_2.Test_Com_a1" name="Verifyabc" time="0.004"/>
  <testcase classname="Com_Test_2.Test_Com_a1" name="Verifywer" time="0.008"/>
  <testcase classname="Com_Test_2.Test_Com_a1" name="Verifyxyz" time="0.010"/>
</testsuite> <!-- Com_Test_2.Test_Com_a1 -->
