<?xml version="1.0" encoding="UTF-8"?>
<!-- Generated by org.testng.reporters.JUnitReportReporter -->
<testsuite hostname="DESKTOP-AT83ANU" failures="0" tests="2" name="Com_Test_2.Test_Com_a3" time="0.043" errors="0" timestamp="2025-01-31T19:13:49 IST" skipped="0">
  <testcase classname="Com_Test_2.Test_Com_a3" name="xyz" time="0.017"/>
  <testcase classname="Com_Test_2.Test_Com_a3" name="abc" time="0.026"/>
</testsuite> <!-- Com_Test_2.Test_Com_a3 -->
