<?xml version="1.0" encoding="UTF-8"?>
<!-- Generated by org.testng.reporters.JUnitReportReporter -->
<testsuite hostname="DESKTOP-AT83ANU" failures="0" tests="3" name="Com_Test_2.Test_Coma_a2" time="0.025" errors="0" timestamp="2025-01-31T18:09:37 IST" skipped="0">
  <testcase classname="Com_Test_2.Test_Coma_a2" name="regisraction_page" time="0.017"/>
  <testcase classname="Com_Test_2.Test_Coma_a2" name="Login_Page" time="0.004"/>
  <testcase classname="Com_Test_2.Test_Coma_a2" name="HomePage" time="0.004"/>
</testsuite> <!-- Com_Test_2.Test_Coma_a2 -->
