<?xml version="1.0" encoding="UTF-8"?>
<!-- Generated by org.testng.reporters.JUnitReportReporter -->
<testsuite hostname="DESKTOP-AT83ANU" failures="0" tests="1" name="Com_Test_2.Test_Com_a6" time="15.787" errors="0" timestamp="2025-01-31T19:13:49 IST" skipped="0">
  <testcase classname="Com_Test_2.Test_Com_a6" name="Submit" time="15.787"/>
</testsuite> <!-- Com_Test_2.Test_Com_a6 -->
