<?xml version="1.0" encoding="UTF-8"?>
<!-- Generated by org.testng.reporters.JUnitReportReporter -->
<testsuite hostname="DESKTOP-AT83ANU" failures="0" tests="6" name="Com_Test_2.Test_Com_a12" time="157.171" errors="0" timestamp="2025-02-04T23:03:02 IST" skipped="0">
  <testcase classname="Com_Test_2.Test_Com_a12" name="xyz" time="1.314"/>
  <testcase classname="Com_Test_2.Test_Com_a12" name="xyz" time="18.734"/>
  <testcase classname="Com_Test_2.Test_Com_a12" name="SetUp" time="19.213"/>
  <testcase classname="Com_Test_2.Test_Com_a12" name="TearDown" time="0.005"/>
  <testcase classname="Com_Test_2.Test_Com_a12" name="TearDown" time="0.016"/>
  <testcase classname="Com_Test_2.Test_Com_a12" name="SetUp" time="117.889"/>
</testsuite> <!-- Com_Test_2.Test_Com_a12 -->
