<?xml version="1.0" encoding="UTF-8"?>
<!-- Generated by org.testng.reporters.JUnitReportReporter -->
<testsuite hostname="DESKTOP-AT83ANU" failures="0" tests="2" name="Com_Test_2.Terst_Com_a8" time="0.020" errors="0" timestamp="2025-01-31T19:17:37 IST" skipped="0">
  <testcase classname="Com_Test_2.Terst_Com_a8" name="m4" time="0.002"/>
  <testcase classname="Com_Test_2.Terst_Com_a8" name="m2" time="0.018"/>
</testsuite> <!-- Com_Test_2.Terst_Com_a8 -->
